# JRE version: OpenJDK Runtime Environment Zulu11.58+23-CA (11.0.16.1+1) (build 11.0.16.1+1-LTS)
# Java VM: OpenJDK 64-Bit Server VM Zulu11.58+23-CA (11.0.16.1+1-LTS, mixed mode, tiered, compressed oops, g1 gc, linux-amd64)
Heap:
 garbage-first heap   total 75776K, used 53174K [0x0000000080000000, 0x0000000100000000)
  region size 1024K, 31 young (31744K), 3 survivors (3072K)
 Metaspace       used 26745K, capacity 27664K, committed 27952K, reserved 1073152K
  class space    used 3184K, capacity 3587K, committed 3712K, reserved 1048576K
GC Heap History (13 events):
Event: 1.054 GC heap before
{Heap before GC invocations=0 (full 0):
 garbage-first heap   total 1497088K, used 73728K [0x0000000080000000, 0x0000000100000000)
  region size 1024K, 73 young (74752K), 0 survivors (0K)
 Metaspace       used 19639K, capacity 20142K, committed 20480K, reserved 1067008K
  class space    used 2033K, capacity 2248K, committed 2304K, reserved 1048576K
}
Event: 1.075 GC heap after
{Heap after GC invocations=1 (full 0):
 garbage-first heap   total 1497088K, used 12785K [0x0000000080000000, 0x0000000100000000)
  region size 1024K, 10 young (10240K), 10 survivors (10240K)
 Metaspace       used 19639K, capacity 20142K, committed 20480K, reserved 1067008K
  class space    used 2033K, capacity 2248K, committed 2304K, reserved 1048576K
}
Event: 1.185 GC heap before
{Heap before GC invocations=1 (full 0):
 garbage-first heap   total 1497088K, used 31217K [0x0000000080000000, 0x0000000100000000)
  region size 1024K, 29 young (29696K), 10 survivors (10240K)
 Metaspace       used 20583K, capacity 21122K, committed 21296K, reserved 1069056K
  class space    used 2132K, capacity 2358K, committed 2432K, reserved 1048576K
}
Event: 1.208 GC heap after
{Heap after GC invocations=2 (full 0):
 garbage-first heap   total 1497088K, used 16626K [0x0000000080000000, 0x0000000100000000)
  region size 1024K, 4 young (4096K), 4 survivors (4096K)
 Metaspace       used 20583K, capacity 21122K, committed 21296K, reserved 1069056K
  class space    used 2132K, capacity 2358K, committed 2432K, reserved 1048576K
}
Event: 1.664 GC heap before
{Heap before GC invocations=3 (full 0):
 garbage-first heap   total 1497088K, used 84210K [0x0000000080000000, 0x0000000100000000)
  region size 1024K, 72 young (73728K), 4 survivors (4096K)
 Metaspace       used 24835K, capacity 25669K, committed 25776K, reserved 1071104K
  class space    used 2908K, capacity 3286K, committed 3328K, reserved 1048576K
}
Event: 1.677 GC heap after
{Heap after GC invocations=4 (full 0):
 garbage-first heap   total 1497088K, used 22805K [0x0000000080000000, 0x0000000100000000)
  region size 1024K, 10 young (10240K), 10 survivors (10240K)
 Metaspace       used 24835K, capacity 25669K, committed 25776K, reserved 1071104K
  class space    used 2908K, capacity 3286K, committed 3328K, reserved 1048576K
}
Event: 1.677 GC heap before
{Heap before GC invocations=4 (full 0):
 garbage-first heap   total 1497088K, used 22805K [0x0000000080000000, 0x0000000100000000)
  region size 1024K, 10 young (10240K), 10 survivors (10240K)
 Metaspace       used 24835K, capacity 25669K, committed 25776K, reserved 1071104K
  class space    used 2908K, capacity 3286K, committed 3328K, reserved 1048576K
}
Event: 1.727 GC heap after
{Heap after GC invocations=5 (full 1):
 garbage-first heap   total 75776K, used 20966K [0x0000000080000000, 0x0000000100000000)
  region size 1024K, 0 young (0K), 0 survivors (0K)
 Metaspace       used 24835K, capacity 25669K, committed 25776K, reserved 1071104K
  class space    used 2908K, capacity 3286K, committed 3328K, reserved 1048576K
}
Event: 1.924 GC heap before
{Heap before GC invocations=5 (full 1):
 garbage-first heap   total 75776K, used 48614K [0x0000000080000000, 0x0000000100000000)
  region size 1024K, 28 young (28672K), 0 survivors (0K)
 Metaspace       used 26385K, capacity 27248K, committed 27568K, reserved 1073152K
  class space    used 3140K, capacity 3514K, committed 3584K, reserved 1048576K
}
Event: 1.928 GC heap after
{Heap after GC invocations=6 (full 1):
 garbage-first heap   total 75776K, used 23652K [0x0000000080000000, 0x0000000100000000)
  region size 1024K, 3 young (3072K), 3 survivors (3072K)
 Metaspace       used 26385K, capacity 27248K, committed 27568K, reserved 1073152K
  class space    used 3140K, capacity 3514K, committed 3584K, reserved 1048576K
}
Event: 2.019 GC heap before
{Heap before GC invocations=6 (full 1):
 garbage-first heap   total 75776K, used 52324K [0x0000000080000000, 0x0000000100000000)
  region size 1024K, 31 young (31744K), 3 survivors (3072K)
 Metaspace       used 26722K, capacity 27657K, committed 27952K, reserved 1073152K
  class space    used 3183K, capacity 3586K, committed 3712K, reserved 1048576K
}
Event: 2.025 GC heap after
{Heap after GC invocations=7 (full 1):
 garbage-first heap   total 75776K, used 24502K [0x0000000080000000, 0x0000000100000000)
  region size 1024K, 4 young (4096K), 4 survivors (4096K)
 Metaspace       used 26722K, capacity 27657K, committed 27952K, reserved 1073152K
  class space    used 3183K, capacity 3586K, committed 3712K, reserved 1048576K
}
Event: 2.073 GC heap before
{Heap before GC invocations=7 (full 1):
 garbage-first heap   total 75776K, used 53174K [0x0000000080000000, 0x0000000100000000)
  region size 1024K, 32 young (32768K), 4 survivors (4096K)
 Metaspace       used 26745K, capacity 27664K, committed 27952K, reserved 1073152K
  class space    used 3184K, capacity 3587K, committed 3712K, reserved 1048576K
}

